(---------------------------------------------------------------------)
(                                                                     )
(    QUICKPLACE LOG                                                   )
(                                                                     )
(    Drawing          : dividers.brd                                  )
(    Software Version : 16.6P004                                      )
(    Date/Time        : Fri May 26 11:01:14 2017                      )
(                                                                     )
(---------------------------------------------------------------------)


State: Placing on layer TOP



Placed 0 of 0 applicable (171 total) symbols.

-----------------------------------------------------------------------

State: Placing on layer TOP



Placed 0 of 0 applicable (171 total) symbols.

-----------------------------------------------------------------------

State: Placing on layer TOP



Placed 0 of 0 applicable (171 total) symbols.

-----------------------------------------------------------------------

State: Placing on layer TOP



Placed 0 of 0 applicable (171 total) symbols.

-----------------------------------------------------------------------

State: Placing on layer TOP



Placed 0 of 0 applicable (171 total) symbols.

-----------------------------------------------------------------------

State: Placing on layer TOP



Placed 0 of 0 applicable (171 total) symbols.

-----------------------------------------------------------------------

State: Placing on layer TOP

State: Placing on layer TOP

State: Placing on layer TOP

State: Placing on layer TOP

State: Placing on layer TOP

State: Placing on layer TOP

State: Placing on layer TOP

State: Placing on layer TOP

State: Placing on layer TOP

State: Placing on layer TOP

State: Placing on layer TOP

State: Placing on layer TOP

State: Placing on layer TOP

State: Placing on layer TOP

State: Placing on layer TOP

State: Placing on layer TOP

State: Placing on layer TOP

State: Placing on layer TOP

State: Placing on layer TOP

State: Placing on layer TOP

State: Placing on layer TOP

State: Placing on layer TOP

State: Placing on layer TOP

State: Placing on layer TOP

State: Placing on layer TOP

State: Placing on layer TOP

State: Placing on layer TOP

