Sat May 27 00:03:13 2017				Page     1


 
Update Symbols/Modules Logfile
	Sat May 27 00:03:13 2017

------ Module Refresh Messages ------

Updating module 'PMTDIVIDERCIRCUIT' instance 'PMTDIVIDERCIRCUIT_9'.
	update successful.

Updating module 'PMTDIVIDERCIRCUIT' instance 'PMTDIVIDERCIRCUIT_8'.
	update successful.

Updating module 'PMTDIVIDERCIRCUIT' instance 'PMTDIVIDERCIRCUIT_7'.
	update successful.

Updating module 'PMTDIVIDERCIRCUIT' instance 'PMTDIVIDERCIRCUIT_6'.
	update successful.

Updating module 'PMTDIVIDERCIRCUIT' instance 'PMTDIVIDERCIRCUIT_5'.
	update successful.

Updating module 'PMTDIVIDERCIRCUIT' instance 'PMTDIVIDERCIRCUIT_4'.
	update successful.

Updating module 'PMTDIVIDERCIRCUIT' instance 'PMTDIVIDERCIRCUIT_3'.
	update successful.

Updating module 'PMTDIVIDERCIRCUIT' instance 'PMTDIVIDERCIRCUIT_2'.
	update successful.

Updating module 'PMTDIVIDERCIRCUIT' instance 'PMTDIVIDERCIRCUIT_1'.
	update successful.

SUMMARY:    Updated 9 out of 9 modules

------ End Module Messages     ------



