temp/xxnedtmp/event.log NEWFILE1
temp/xxnedtmp/text.log NEWFILE2
temp/xxnedtmp/environ.log NEWFILE3
C:\Cadence\SPB_16.6\share\cdssetup/concept/concepthdl.scr FILE4
C:\Users\HEP\Documents\GitHub\PMTDivider\cds.lib FILE5
C:\Users\HEP\Documents\GitHub\PMTDivider\worklib\pmtdividerboard\sch_1\page1.csb FILE6
C:\Users\HEP\Documents\GitHub\PMTDivider\worklib\pmtdividerboard\sch_1\page1_csb.lck NEWFILE7
temp/xxnedtmp/undo1.log NEWFILE8
C:\Users\HEP\Documents\GitHub\PMTDivider\worklib\pmtdividercircuit\sym_1\symbol.css FILE9
C:\Users\HEP\Documents\GitHub\PMTDivider\worklib\pmtdividerboard\sch_1\page1_csa.lck NEWFILE10
C:/Users/HEP/Documents/GitHub/PMTDivider/worklib/pmtdividerboard/sch_1/pmtdividerboard.xcon FILE11
C:/Users/HEP/Documents/GitHub/PMTDivider/worklib/pmtdividerboard/sch_1/pmtdividerboard.dcf FILE12
C:/Users/HEP/Documents/GitHub/PMTDivider/worklib/pmtdividercircuit/sch_1/pmtdividercircuit_xcon.lck NEWFILE13
C:/Users/HEP/Documents/GitHub/PMTDivider/worklib/pmtdividercircuit/sch_1/pmtdividercircuit_dcf.lck NEWFILE14
C:/Users/HEP/Documents/GitHub/PMTDivider/worklib/pmtdividerboard/sch_1/pmtdividerboard_xcon.lck NEWFILE15
C:/Users/HEP/Documents/GitHub/PMTDivider/worklib/pmtdividerboard/sch_1/pmtdividerboard_dcf.lck NEWFILE16
C:\Users\HEP\Documents\GitHub\PMTDivider\worklib\pmtdividercircuit\sch_1\page1.csb FILE17
C:\Users\HEP\Documents\GitHub\PMTDivider\worklib\pmtdividercircuit\sch_1\page1_csb.lck NEWFILE18
C:\Users\HEP\Documents\GitHub\PMTDivider\libraries\parts_lib\penn#20b#20size#20page\sym_1\symbol.css FILE19
C:\Users\HEP\Documents\GitHub\PMTDivider\libraries\parts_lib\rsmd1206\sym_1\symbol.css FILE20
C:\Users\HEP\Documents\GitHub\PMTDivider\libraries\parts_lib\conn14\sym_1\symbol.css FILE21
C:\Users\HEP\Documents\GitHub\PMTDivider\libraries\parts_lib\csmd1210\sym_1\symbol.css FILE22
C:/Cadence/SPB_16.6/tools/language/config.dat FILE23
temp/xxnedtmp/concept.mkr NEWFILE24
C:/Cadence/SPB_16.6/tools/language/pack_type_rename.dat NEWFILE25
temp/xxnedtmp/../rsmd1206.mkr NEWFILE26
temp/xxnedtmp/../conn14.mkr NEWFILE27
temp/xxnedtmp/../csmd1210.mkr NEWFILE28
temp/xxnedtmp/../penn#20b#20size#20page.mkr NEWFILE29
C:\Users\HEP\Documents\GitHub\PMTDivider\worklib\pmtdividercircuit\sch_1\page1.csa FILE30
C:\Users\HEP\Documents\GitHub\PMTDivider\worklib\pmtdividercircuit\sch_1\page1.csv FILE31
temp/xxnedtmp/csnetlister.mkr NEWFILE32
C:\Users\HEP\Documents\GitHub\PMTDivider\worklib\pmtdividercircuit\sch_1\page1_csa.lck NEWFILE33
temp/xxnedtmp/../pmtdividercircuit.mkr NEWFILE34
C:\Users\HEP\Documents\GitHub\PMTDivider\worklib\pmtdividerboard\sch_1\page1.csa FILE35
C:\Users\HEP\Documents\GitHub\PMTDivider\worklib\pmtdividerboard\sch_1\page1.csv FILE36
C:\Users\HEP\Documents\GitHub\PMTDivider\worklib\pmtdividerboard\packaged/pstback.dat FILE37
